<?xml version="1.0" encoding="UTF-8"?>
<!-- Generated by org.testng.reporters.JUnitReportReporter -->
<testsuite name="docker.testcases.TestCase1" tests="1" time="25.059" ignored="0" failures="0" timestamp="26 Apr 2022 05:48:46 GMT" skipped="0" hostname="chaitanya-PC" errors="0">
  <testcase name="TestCase1_verifyButton" time="25.059" classname="docker.testcases.TestCase1"/>
</testsuite> <!-- docker.testcases.TestCase1 -->
