<?xml version="1.0" encoding="UTF-8"?>
<!-- Generated by org.testng.reporters.JUnitReportReporter -->
<testsuite name="docker.testcases.TestCase1" tests="1" time="23.269" ignored="1" failures="0" timestamp="24 Apr 2022 06:51:46 GMT" skipped="0" hostname="chaitanya-PC" errors="0">
  <testcase name="TestCase1_verifyButton" time="23.269" classname="docker.testcases.TestCase1"/>
  <testcase name="containers_Exercise" classname="docker.testcases.Containers">
    <skipped/>
  </testcase> <!-- containers_Exercise -->
</testsuite> <!-- docker.testcases.TestCase1 -->
